[debug] [2025-11-27T10:22:34.750Z] ----------------------------------------------------------------------
[debug] [2025-11-27T10:22:34.753Z] Command:       C:\nvm4w\nodejs\node.exe C:\Users\ctayl\AppData\Roaming\npm\node_modules\firebase-tools\lib\bin\firebase.js deploy --only storage --debug
[debug] [2025-11-27T10:22:34.753Z] CLI Version:   14.19.1
[debug] [2025-11-27T10:22:34.753Z] Platform:      win32
[debug] [2025-11-27T10:22:34.753Z] Node Version:  v22.11.0
[debug] [2025-11-27T10:22:34.754Z] Time:          Thu Nov 27 2025 05:22:34 GMT-0500 (Eastern Standard Time)
[debug] [2025-11-27T10:22:34.754Z] ----------------------------------------------------------------------
[debug] 
[debug] [2025-11-27T10:22:34.967Z] > command requires scopes: ["email","openid","https://www.googleapis.com/auth/cloudplatformprojects.readonly","https://www.googleapis.com/auth/firebase","https://www.googleapis.com/auth/cloud-platform"]
[debug] [2025-11-27T10:22:34.968Z] > authorizing via signed-in user (collegeprocam@gmail.com)
[debug] [2025-11-27T10:22:34.968Z] [iam] checking project paintpro-5f05c for permissions ["firebase.projects.get","firebaserules.releases.create","firebaserules.releases.update","firebaserules.rulesets.create"]
[debug] [2025-11-27T10:22:34.969Z] Checked if tokens are valid: true, expires at: 1764242160185
[debug] [2025-11-27T10:22:34.970Z] Checked if tokens are valid: true, expires at: 1764242160185
[debug] [2025-11-27T10:22:34.971Z] >>> [apiv2][query] POST https://cloudresourcemanager.googleapis.com/v1/projects/paintpro-5f05c:testIamPermissions [none]
[debug] [2025-11-27T10:22:34.971Z] >>> [apiv2][(partial)header] POST https://cloudresourcemanager.googleapis.com/v1/projects/paintpro-5f05c:testIamPermissions x-goog-quota-user=projects/paintpro-5f05c
[debug] [2025-11-27T10:22:34.972Z] >>> [apiv2][body] POST https://cloudresourcemanager.googleapis.com/v1/projects/paintpro-5f05c:testIamPermissions {"permissions":["firebase.projects.get","firebaserules.releases.create","firebaserules.releases.update","firebaserules.rulesets.create"]}
[debug] [2025-11-27T10:22:35.308Z] <<< [apiv2][status] POST https://cloudresourcemanager.googleapis.com/v1/projects/paintpro-5f05c:testIamPermissions 200
[debug] [2025-11-27T10:22:35.309Z] <<< [apiv2][body] POST https://cloudresourcemanager.googleapis.com/v1/projects/paintpro-5f05c:testIamPermissions {"permissions":["firebase.projects.get","firebaserules.releases.create","firebaserules.releases.update","firebaserules.rulesets.create"]}
[info] 
[info] === Deploying to 'paintpro-5f05c'...
[info] 
[info] i  deploying storage 
[info] i  storage: ensuring required API firebasestorage.googleapis.com is enabled... 
[debug] [2025-11-27T10:22:35.314Z] Checked if tokens are valid: true, expires at: 1764242160185
[debug] [2025-11-27T10:22:35.314Z] Checked if tokens are valid: true, expires at: 1764242160185
[debug] [2025-11-27T10:22:35.315Z] >>> [apiv2][query] GET https://firebasestorage.googleapis.com/v1alpha/projects/paintpro-5f05c/defaultBucket [none]
[debug] [2025-11-27T10:22:35.727Z] <<< [apiv2][status] GET https://firebasestorage.googleapis.com/v1alpha/projects/paintpro-5f05c/defaultBucket 200
[debug] [2025-11-27T10:22:35.728Z] <<< [apiv2][body] GET https://firebasestorage.googleapis.com/v1alpha/projects/paintpro-5f05c/defaultBucket {"name":"projects/paintpro-5f05c/defaultBucket","location":"US-CENTRAL1","bucket":{"name":"projects/paintpro-5f05c/buckets/paintpro-5f05c.firebasestorage.app"},"storageClass":"REGIONAL"}
[info] i  firebase.storage: checking storage.rules for compilation errors... 
[debug] [2025-11-27T10:22:35.730Z] Checked if tokens are valid: true, expires at: 1764242160185
[debug] [2025-11-27T10:22:35.731Z] Checked if tokens are valid: true, expires at: 1764242160185
[debug] [2025-11-27T10:22:35.731Z] >>> [apiv2][query] POST https://firebaserules.googleapis.com/v1/projects/paintpro-5f05c:test [none]
[debug] [2025-11-27T10:22:35.732Z] >>> [apiv2][body] POST https://firebaserules.googleapis.com/v1/projects/paintpro-5f05c:test [omitted]
[debug] [2025-11-27T10:22:35.970Z] <<< [apiv2][status] POST https://firebaserules.googleapis.com/v1/projects/paintpro-5f05c:test 200
[debug] [2025-11-27T10:22:35.971Z] <<< [apiv2][body] POST https://firebaserules.googleapis.com/v1/projects/paintpro-5f05c:test {}
[info] +  firebase.storage: rules file storage.rules compiled successfully 
[debug] [2025-11-27T10:22:35.972Z] Checked if tokens are valid: true, expires at: 1764242160185
[debug] [2025-11-27T10:22:35.972Z] Checked if tokens are valid: true, expires at: 1764242160185
[debug] [2025-11-27T10:22:35.973Z] >>> [apiv2][query] GET https://firebaserules.googleapis.com/v1/projects/paintpro-5f05c/releases pageSize=10&pageToken=
[debug] [2025-11-27T10:22:36.147Z] <<< [apiv2][status] GET https://firebaserules.googleapis.com/v1/projects/paintpro-5f05c/releases 200
[debug] [2025-11-27T10:22:36.147Z] <<< [apiv2][body] GET https://firebaserules.googleapis.com/v1/projects/paintpro-5f05c/releases {"releases":[{"name":"projects/paintpro-5f05c/releases/cloud.firestore","rulesetName":"projects/paintpro-5f05c/rulesets/17014e21-2bda-4fcb-aff0-e699c1b91bd0","createTime":"2025-11-03T17:45:20.098729Z","updateTime":"2025-11-27T09:24:10.939732Z"},{"name":"projects/paintpro-5f05c/releases/firebase.storage/paintpro-5f05c.firebasestorage.app","rulesetName":"projects/paintpro-5f05c/rulesets/4f139bf2-f75c-4cf1-a5a1-1d0413c08887","createTime":"2025-11-27T10:18:55.744259Z","updateTime":"2025-11-27T10:20:09.070427Z"}]}
[debug] [2025-11-27T10:22:36.166Z] Checked if tokens are valid: true, expires at: 1764242160185
[debug] [2025-11-27T10:22:36.167Z] Checked if tokens are valid: true, expires at: 1764242160185
[debug] [2025-11-27T10:22:36.168Z] >>> [apiv2][query] GET https://firebaserules.googleapis.com/v1/projects/paintpro-5f05c/rulesets/4f139bf2-f75c-4cf1-a5a1-1d0413c08887 [none]
[debug] [2025-11-27T10:22:36.296Z] <<< [apiv2][status] GET https://firebaserules.googleapis.com/v1/projects/paintpro-5f05c/rulesets/4f139bf2-f75c-4cf1-a5a1-1d0413c08887 200
[debug] [2025-11-27T10:22:36.297Z] <<< [apiv2][body] GET https://firebaserules.googleapis.com/v1/projects/paintpro-5f05c/rulesets/4f139bf2-f75c-4cf1-a5a1-1d0413c08887 [omitted]
[info] i  storage: latest version of storage.rules already up to date, skipping upload... 
[debug] [2025-11-27T10:22:36.300Z] [rules] releasing firebase.storage/paintpro-5f05c.firebasestorage.app with ruleset projects/paintpro-5f05c/rulesets/4f139bf2-f75c-4cf1-a5a1-1d0413c08887
[debug] [2025-11-27T10:22:36.301Z] Checked if tokens are valid: true, expires at: 1764242160185
[debug] [2025-11-27T10:22:36.302Z] Checked if tokens are valid: true, expires at: 1764242160185
[debug] [2025-11-27T10:22:36.302Z] >>> [apiv2][query] PATCH https://firebaserules.googleapis.com/v1/projects/paintpro-5f05c/releases/firebase.storage/paintpro-5f05c.firebasestorage.app [none]
[debug] [2025-11-27T10:22:36.302Z] >>> [apiv2][body] PATCH https://firebaserules.googleapis.com/v1/projects/paintpro-5f05c/releases/firebase.storage/paintpro-5f05c.firebasestorage.app {"release":{"name":"projects/paintpro-5f05c/releases/firebase.storage/paintpro-5f05c.firebasestorage.app","rulesetName":"projects/paintpro-5f05c/rulesets/4f139bf2-f75c-4cf1-a5a1-1d0413c08887"}}
[debug] [2025-11-27T10:22:36.653Z] <<< [apiv2][status] PATCH https://firebaserules.googleapis.com/v1/projects/paintpro-5f05c/releases/firebase.storage/paintpro-5f05c.firebasestorage.app 200
[debug] [2025-11-27T10:22:36.653Z] <<< [apiv2][body] PATCH https://firebaserules.googleapis.com/v1/projects/paintpro-5f05c/releases/firebase.storage/paintpro-5f05c.firebasestorage.app {"name":"projects/paintpro-5f05c/releases/firebase.storage/paintpro-5f05c.firebasestorage.app","rulesetName":"projects/paintpro-5f05c/rulesets/4f139bf2-f75c-4cf1-a5a1-1d0413c08887","createTime":"2025-11-27T10:18:55.744259Z","updateTime":"2025-11-27T10:22:36.051784Z"}
[debug] [2025-11-27T10:22:36.654Z] [rules] updated release projects/paintpro-5f05c/releases/firebase.storage/paintpro-5f05c.firebasestorage.app
[info] +  storage: released rules storage.rules to firebase.storage 
[info] 
[info] +  Deploy complete! 
[info] 
[info] Project Console: https://console.firebase.google.com/project/paintpro-5f05c/overview
